<?xml version="1.0" encoding="utf-8"?><testsuites name="pytest tests"><testsuite name="pytest" errors="0" failures="0" skipped="0" tests="11" time="3.521" timestamp="2026-07-08T10:43:53.042934+00:00" hostname="agent-env-b220a451-5fb5-4e25-a22c-23da443ed691"><testcase classname="backend.tests.test_phase8_cloud_firebase" name="test_aws_creds_forbidden_for_non_super" time="0.346" /><testcase classname="backend.tests.test_phase8_cloud_firebase" name="test_aws_creds_get_masks_secret" time="0.186" /><testcase classname="backend.tests.test_phase8_cloud_firebase" name="test_aws_creds_put_and_apply_at_runtime" time="1.060" /><testcase classname="backend.tests.test_phase8_cloud_firebase" name="test_firebase_project_rejects_non_service_account" time="0.096" /><testcase classname="backend.tests.test_phase8_cloud_firebase" name="test_firebase_project_crud_lifecycle" time="0.387" /><testcase classname="backend.tests.test_phase8_cloud_firebase" name="test_tenant_firebase_config_empty_state" time="0.201" /><testcase classname="backend.tests.test_phase8_cloud_firebase" name="test_tenant_existing_config_only_affects_one_platform" time="0.413" /><testcase classname="backend.tests.test_phase8_cloud_firebase" name="test_tenant_config_rejects_bad_platform" time="0.097" /><testcase classname="backend.tests.test_phase8_cloud_firebase" name="test_provision_fails_gracefully_with_fake_service_account" time="0.386" /><testcase classname="backend.tests.test_phase8_cloud_firebase" name="test_super_push_test_returns_disabled_when_shard_unconfigured" time="0.097" /><testcase classname="backend.tests.test_phase8_cloud_firebase" name="test_super_push_test_forbidden_for_tenant_admin" time="0.184" /></testsuite></testsuites>