<?xml version="1.0" encoding="utf-8"?><testsuites name="pytest tests"><testsuite name="pytest" errors="0" failures="0" skipped="0" tests="8" time="1.036" timestamp="2026-07-11T10:40:29.583816+00:00" hostname="agent-env-b220a451-5fb5-4e25-a22c-23da443ed691"><testcase classname="backend.tests.test_login_regression_iter12.TestSuperAdminAuth" name="test_request_otp_super_admin" time="0.173" /><testcase classname="backend.tests.test_login_regression_iter12.TestSuperAdminAuth" name="test_verify_otp_super_admin" time="0.132" /><testcase classname="backend.tests.test_login_regression_iter12.TestReviewerBypass" name="test_request_otp_reviewer" time="0.103" /><testcase classname="backend.tests.test_login_regression_iter12.TestReviewerBypass" name="test_verify_otp_reviewer" time="0.143" /><testcase classname="backend.tests.test_login_regression_iter12.TestTenantUserDemo" name="test_request_otp_tenant" time="0.090" /><testcase classname="backend.tests.test_login_regression_iter12.TestTenantUserDemo" name="test_verify_otp_tenant" time="0.137" /><testcase classname="backend.tests.test_login_regression_iter12.TestTenantResolve" name="test_public_tenant_resolve_by_host" time="0.102" /><testcase classname="backend.tests.test_login_regression_iter12.TestTenantResolve" name="test_public_tenant_resolve_no_error" time="0.085" /></testsuite></testsuites>