<?xml version="1.0" encoding="utf-8"?><testsuites name="pytest tests"><testsuite name="pytest" errors="0" failures="0" skipped="0" tests="7" time="0.900" timestamp="2026-07-11T05:54:11.460026+00:00" hostname="agent-env-b220a451-5fb5-4e25-a22c-23da443ed691"><testcase classname="backend.tests.test_login_bugfix" name="test_health" time="0.194" /><testcase classname="backend.tests.test_login_bugfix" name="test_super_admin_request_otp" time="0.128" /><testcase classname="backend.tests.test_login_bugfix" name="test_super_admin_verify_otp" time="0.090" /><testcase classname="backend.tests.test_login_bugfix" name="test_super_admin_wrong_otp_returns_readable_error" time="0.091" /><testcase classname="backend.tests.test_login_bugfix" name="test_reviewer_request_otp" time="0.098" /><testcase classname="backend.tests.test_login_bugfix" name="test_reviewer_verify_otp" time="0.099" /><testcase classname="backend.tests.test_login_bugfix" name="test_demo_tenant_admin_verify_otp" time="0.130" /></testsuite></testsuites>