<?xml version="1.0" encoding="utf-8"?><testsuites name="pytest tests"><testsuite name="pytest" errors="0" failures="0" skipped="0" tests="11" time="2.381" timestamp="2026-07-08T10:44:26.755498+00:00" hostname="agent-env-b220a451-5fb5-4e25-a22c-23da443ed691"><testcase classname="backend.tests.test_iter8_regression" name="test_health" time="0.188" /><testcase classname="backend.tests.test_iter8_regression" name="test_super_login" time="0.091" /><testcase classname="backend.tests.test_iter8_regression" name="test_tenant_login" time="0.088" /><testcase classname="backend.tests.test_iter8_regression" name="test_reviewer_login" time="0.095" /><testcase classname="backend.tests.test_iter8_regression" name="test_public_terms" time="0.108" /><testcase classname="backend.tests.test_iter8_regression" name="test_tenant_resolve" time="0.098" /><testcase classname="backend.tests.test_iter8_regression" name="test_push_shards" time="0.195" /><testcase classname="backend.tests.test_iter8_regression" name="test_admin_push_status" time="0.187" /><testcase classname="backend.tests.test_iter8_regression" name="test_aws_real_credentials_verify" time="1.049" /><testcase classname="backend.tests.test_iter8_regression" name="test_presign_uses_saved_creds" time="0.119" /><testcase classname="backend.tests.test_iter8_regression" name="test_env_shard_push_backward_compat" time="0.093" /></testsuite></testsuites>