<?xml version="1.0" encoding="utf-8"?><testsuites name="pytest tests"><testsuite name="pytest" errors="0" failures="0" skipped="0" tests="18" time="2.535" timestamp="2026-07-08T03:34:59.402405+00:00" hostname="agent-env-b220a451-5fb5-4e25-a22c-23da443ed691"><testcase classname="backend.tests.test_phase3_split.TestUserRoleFilter" name="test_dealers_only" time="0.233" /><testcase classname="backend.tests.test_phase3_split.TestUserRoleFilter" name="test_customers_only" time="0.052" /><testcase classname="backend.tests.test_phase3_split.TestUserRoleFilter" name="test_create_dealer_and_customer" time="0.214" /><testcase classname="backend.tests.test_phase3_split.TestAuthRoleHint" name="test_dealer_login" time="0.099" /><testcase classname="backend.tests.test_phase3_split.TestAuthRoleHint" name="test_customer_login" time="0.097" /><testcase classname="backend.tests.test_phase3_split.TestAuthRoleHint" name="test_customer_auto_register" time="0.118" /><testcase classname="backend.tests.test_phase3_split.TestAuthRoleHint" name="test_dealer_unknown_no_autoreg" time="0.091" /><testcase classname="backend.tests.test_phase3_split.TestVisits" name="test_dealer_visit" time="0.251" /><testcase classname="backend.tests.test_phase3_split.TestVisits" name="test_customer_visit" time="0.099" /><testcase classname="backend.tests.test_phase3_split.TestVisits" name="test_filter_by_party_type" time="0.084" /><testcase classname="backend.tests.test_phase3_split.TestEnquiries" name="test_employee_creates_enquiry_with_customer_id" time="0.089" /><testcase classname="backend.tests.test_phase3_split.TestEnquiries" name="test_customer_creates_enquiry_auto_sets_id" time="0.254" /><testcase classname="backend.tests.test_phase3_split.TestOrders" name="test_customer_can_order" time="0.266" /><testcase classname="backend.tests.test_phase3_split.TestOrders" name="test_dealer_can_order" time="0.252" /><testcase classname="backend.tests.test_phase3_split.TestPerms" name="test_admin_perms_include_customers" time="0.046" /><testcase classname="backend.tests.test_phase3_split.TestPerms" name="test_employee_perms_customers" time="0.044" /><testcase classname="backend.tests.test_phase3_split.TestPerms" name="test_permission_modules_has_customers" time="0.046" /><testcase classname="backend.tests.test_phase3_split.TestPerms" name="test_analytics_dealers_customers" time="0.096" /></testsuite></testsuites>