<?xml version="1.0" encoding="utf-8"?><testsuites name="pytest tests"><testsuite name="pytest" errors="0" failures="0" skipped="0" tests="29" time="4.182" timestamp="2026-07-08T04:54:26.044445+00:00" hostname="agent-env-b220a451-5fb5-4e25-a22c-23da443ed691"><testcase classname="backend.tests.test_phase26_customfields_catalog.TestCustomFieldsMeta" name="test_modules_endpoint" time="0.393" /><testcase classname="backend.tests.test_phase26_customfields_catalog.TestCustomFieldsCRUD" name="test_create_text_field" time="0.042" /><testcase classname="backend.tests.test_phase26_customfields_catalog.TestCustomFieldsCRUD" name="test_create_dropdown_field_requires_options" time="0.044" /><testcase classname="backend.tests.test_phase26_customfields_catalog.TestCustomFieldsCRUD" name="test_create_dropdown_field_ok" time="0.043" /><testcase classname="backend.tests.test_phase26_customfields_catalog.TestCustomFieldsCRUD" name="test_create_customer_field" time="0.083" /><testcase classname="backend.tests.test_phase26_customfields_catalog.TestCustomFieldsCRUD" name="test_create_product_visit_enquiry_fields" time="0.245" /><testcase classname="backend.tests.test_phase26_customfields_catalog.TestCustomFieldsCRUD" name="test_duplicate_field_key" time="0.082" /><testcase classname="backend.tests.test_phase26_customfields_catalog.TestCustomFieldsCRUD" name="test_invalid_module" time="0.042" /><testcase classname="backend.tests.test_phase26_customfields_catalog.TestCustomFieldsCRUD" name="test_invalid_type" time="0.082" /><testcase classname="backend.tests.test_phase26_customfields_catalog.TestCustomFieldsCRUD" name="test_list_all" time="0.043" /><testcase classname="backend.tests.test_phase26_customfields_catalog.TestCustomFieldsCRUD" name="test_list_filter_by_module" time="0.081" /><testcase classname="backend.tests.test_phase26_customfields_catalog.TestCustomFieldsCRUD" name="test_patch_field" time="0.042" /><testcase classname="backend.tests.test_phase26_customfields_catalog.TestCustomFieldsCRUD" name="test_delete_soft" time="0.246" /><testcase classname="backend.tests.test_phase26_customfields_catalog.TestCustomFieldsPerms" name="test_employee_cannot_create" time="0.186" /><testcase classname="backend.tests.test_phase26_customfields_catalog.TestCustomFieldsPerms" name="test_employee_can_list" time="0.047" /><testcase classname="backend.tests.test_phase26_customfields_catalog.TestCustomFieldsPerms" name="test_customer_can_list" time="0.186" /><testcase classname="backend.tests.test_phase26_customfields_catalog.TestCustomFieldsPerms" name="test_employee_cannot_delete" time="0.094" /><testcase classname="backend.tests.test_phase26_customfields_catalog.TestCustomDataPersistence" name="test_dealer_user_custom_data" time="0.188" /><testcase classname="backend.tests.test_phase26_customfields_catalog.TestCustomDataPersistence" name="test_product_custom_data" time="0.168" /><testcase classname="backend.tests.test_phase26_customfields_catalog.TestCustomDataPersistence" name="test_visit_custom_data" time="0.149" /><testcase classname="backend.tests.test_phase26_customfields_catalog.TestCustomDataPersistence" name="test_enquiry_custom_data" time="0.100" /><testcase classname="backend.tests.test_phase26_customfields_catalog.TestCatalogMode" name="test_default_direct_mode" time="0.043" /><testcase classname="backend.tests.test_phase26_customfields_catalog.TestCatalogMode" name="test_set_enquiry_only" time="0.165" /><testcase classname="backend.tests.test_phase26_customfields_catalog.TestCatalogMode" name="test_order_blocked_in_enquiry_mode" time="0.091" /><testcase classname="backend.tests.test_phase26_customfields_catalog.TestCatalogMode" name="test_dealer_order_blocked_in_enquiry_mode" time="0.230" /><testcase classname="backend.tests.test_phase26_customfields_catalog.TestCatalogMode" name="test_reset_to_direct_and_order_works" time="0.140" /><testcase classname="backend.tests.test_phase26_customfields_catalog.TestSelfProfile" name="test_customer_updates_self" time="0.093" /><testcase classname="backend.tests.test_phase26_customfields_catalog.TestSelfProfile" name="test_dealer_updates_self" time="0.128" /><testcase classname="backend.tests.test_phase26_customfields_catalog.TestSelfProfile" name="test_empty_body_400" time="0.602" /></testsuite></testsuites>