<?xml version="1.0" encoding="utf-8"?><testsuites name="pytest tests"><testsuite name="pytest" errors="0" failures="0" skipped="0" tests="5" time="1.813" timestamp="2026-07-11T06:26:01.790027+00:00" hostname="agent-env-b220a451-5fb5-4e25-a22c-23da443ed691"><testcase classname="backend.tests.test_phase9_tenant_customization" name="test_tenant_resolve_root_domain" time="0.154" /><testcase classname="backend.tests.test_phase9_tenant_customization" name="test_super_tenants_requires_super" time="0.281" /><testcase classname="backend.tests.test_phase9_tenant_customization" name="test_super_tenants_lists" time="0.364" /><testcase classname="backend.tests.test_phase9_tenant_customization" name="test_firebase_config_put_and_delete_android" time="0.534" /><testcase classname="backend.tests.test_phase9_tenant_customization" name="test_tenant_update_accepts_logo_path" time="0.410" /></testsuite></testsuites>