<?xml version="1.0" encoding="utf-8"?><testsuites name="pytest tests"><testsuite name="pytest" errors="0" failures="1" skipped="0" tests="20" time="2.834" timestamp="2026-07-08T05:42:50.399647+00:00" hostname="agent-env-b220a451-5fb5-4e25-a22c-23da443ed691"><testcase classname="backend.tests.test_phase3_crop_advisor.TestTenantFeatures" name="test_demo_tenant_has_crop_advisor_enabled" time="0.212" /><testcase classname="backend.tests.test_phase3_crop_advisor.TestTenantFeatures" name="test_super_admin_toggle_disable_and_reenable" time="0.518" /><testcase classname="backend.tests.test_phase3_crop_advisor.TestTenantFeatures" name="test_non_super_admin_toggle_forbidden" time="0.042" /><testcase classname="backend.tests.test_phase3_crop_advisor.TestCrops" name="test_list_seeded_crops" time="0.042" /><testcase classname="backend.tests.test_phase3_crop_advisor.TestCrops" name="test_create_crop_admin" time="0.126" /><testcase classname="backend.tests.test_phase3_crop_advisor.TestCrops" name="test_create_crop_forbidden_for_employee" time="0.040" /><testcase classname="backend.tests.test_phase3_crop_advisor.TestAdvisoryEntries" name="test_disease_filter" time="0.043" /><testcase classname="backend.tests.test_phase3_crop_advisor.TestAdvisoryEntries" name="test_pest_filter" time="0.043" /><testcase classname="backend.tests.test_phase3_crop_advisor.TestAdvisoryEntries" name="test_deficiency_filter" time="0.042" /><testcase classname="backend.tests.test_phase3_crop_advisor.TestAdvisoryEntries" name="test_filter_by_crop_id_paddy" time="0.087" /><testcase classname="backend.tests.test_phase3_crop_advisor.TestAdvisoryEntries" name="test_search_q_blast" time="0.042" /><testcase classname="backend.tests.test_phase3_crop_advisor.TestAdvisoryEntries" name="test_invalid_type" time="0.080" /><testcase classname="backend.tests.test_phase3_crop_advisor.TestAdvisoryEntries" name="test_view_increments_count_and_recent" time="0.174" /><testcase classname="backend.tests.test_phase3_crop_advisor.TestAdvisoryEntries" name="test_crud_admin_and_403_others" time="0.258" /><testcase classname="backend.tests.test_phase3_crop_advisor.TestSeasonal" name="test_create_and_list" time="0.171" /><testcase classname="backend.tests.test_phase3_crop_advisor.TestSeasonal" name="test_unpublished_hidden_for_non_admin" time="0.248" /><testcase classname="backend.tests.test_phase3_crop_advisor.TestFavorites" name="test_toggle_add_and_remove" time="0.219" /><testcase classname="backend.tests.test_phase3_crop_advisor.TestMyCrops" name="test_patch_my_crops_persists" time="0.229" /><testcase classname="backend.tests.test_phase3_crop_advisor.TestCropSummary" name="test_paddy_summary" time="0.045" /><testcase classname="backend.tests.test_phase3_crop_advisor.TestMeProfileCustomFieldValidation" name="test_required_visible_field_blocks_and_then_passes" time="0.051"><failure message="AssertionError: {&quot;detail&quot;:[{&quot;type&quot;:&quot;missing&quot;,&quot;loc&quot;:[&quot;body&quot;,&quot;type&quot;],&quot;msg&quot;:&quot;Field required&quot;,&quot;input&quot;:{&quot;module&quot;:&quot;customer&quot;,&quot;field_key&quot;:&quot;license_62d37&quot;,&quot;label&quot;:&quot;License No&quot;,&quot;field_type&quot;:&quot;text&quot;,&quot;required&quot;:true,&quot;visible_to_customer&quot;:true},&quot;url&quot;:&quot;https://errors.pydantic.dev/2.13/v/missing&quot;}]}&#10;assert 422 == 200&#10; +  where 422 = &lt;Response [422]&gt;.status_code">backend/tests/test_phase3_crop_advisor.py:314: in test_required_visible_field_blocks_and_then_passes
    assert r.status_code == 200, r.text
E   AssertionError: {"detail":[{"type":"missing","loc":["body","type"],"msg":"Field required","input":{"module":"customer","field_key":"license_62d37","label":"License No","field_type":"text","required":true,"visible_to_customer":true},"url":"https://errors.pydantic.dev/2.13/v/missing"}]}
E   assert 422 == 200
E    +  where 422 = &lt;Response [422]&gt;.status_code</failure></testcase></testsuite></testsuites>