<?xml version="1.0" encoding="utf-8"?><testsuites name="pytest tests"><testsuite name="pytest" errors="0" failures="0" skipped="0" tests="23" time="3.089" timestamp="2026-06-24T02:53:15.721667+00:00" hostname="agent-env-b220a451-5fb5-4e25-a22c-23da443ed691"><testcase classname="backend.tests.test_phase2.TestAreas" name="test_list_areas_seeded" time="0.315" /><testcase classname="backend.tests.test_phase2.TestAreas" name="test_create_child_area" time="0.152" /><testcase classname="backend.tests.test_phase2.TestAreas" name="test_update_and_delete_area" time="0.193" /><testcase classname="backend.tests.test_phase2.TestRoles" name="test_seeded_roles" time="0.049" /><testcase classname="backend.tests.test_phase2.TestRoles" name="test_permission_modules" time="0.050" /><testcase classname="backend.tests.test_phase2.TestRoles" name="test_create_role_with_permissions" time="0.098" /><testcase classname="backend.tests.test_phase2.TestRoles" name="test_my_permissions_admin" time="0.049" /><testcase classname="backend.tests.test_phase2.TestRoles" name="test_my_permissions_employee_default" time="0.225" /><testcase classname="backend.tests.test_phase2.TestLeaves" name="test_employee_apply_leave" time="0.050" /><testcase classname="backend.tests.test_phase2.TestLeaves" name="test_mine_filter" time="0.048" /><testcase classname="backend.tests.test_phase2.TestLeaves" name="test_manager_sees_leave" time="0.207" /><testcase classname="backend.tests.test_phase2.TestLeaves" name="test_manager_approves" time="0.047" /><testcase classname="backend.tests.test_phase2.TestLeaves" name="test_unauthorized_manager_cannot_approve" time="0.383" /><testcase classname="backend.tests.test_phase2.TestTargets" name="test_set_and_get_progress" time="0.100" /><testcase classname="backend.tests.test_phase2.TestTargets" name="test_employee_sees_only_own" time="0.054" /><testcase classname="backend.tests.test_phase2.TestBatchSync" name="test_mixed_batch" time="0.065" /><testcase classname="backend.tests.test_phase2.TestGPS" name="test_track_with_pings" time="0.201" /><testcase classname="backend.tests.test_phase2.TestGPS" name="test_gps_live_manager" time="0.150" /><testcase classname="backend.tests.test_phase2.TestGPS" name="test_employee_cannot_see_other" time="0.156" /><testcase classname="backend.tests.test_phase2.TestUserExtras" name="test_create_user_with_role_id_and_area" time="0.187" /><testcase classname="backend.tests.test_phase2.TestPhase1Regression" name="test_super_admin_login" time="0.108" /><testcase classname="backend.tests.test_phase2.TestPhase1Regression" name="test_tenant_profile" time="0.050" /><testcase classname="backend.tests.test_phase2.TestPhase1Regression" name="test_list_products" time="0.051" /></testsuite></testsuites>