<?xml version="1.0" encoding="utf-8"?><testsuites name="pytest tests"><testsuite name="pytest" errors="0" failures="1" skipped="0" tests="18" time="8.075" timestamp="2026-07-08T08:12:19.169593+00:00" hostname="agent-env-b220a451-5fb5-4e25-a22c-23da443ed691"><testcase classname="backend.tests.test_phase1to6_regression" name="test_phase1_health" time="0.224" /><testcase classname="backend.tests.test_phase1to6_regression" name="test_phase1_public_demo_credentials" time="0.114" /><testcase classname="backend.tests.test_phase1to6_regression" name="test_phase2_resolve_unknown_host" time="0.102" /><testcase classname="backend.tests.test_phase1to6_regression" name="test_phase2_custom_domain_roundtrip" time="0.417" /><testcase classname="backend.tests.test_phase1to6_regression" name="test_phase2_stale_tenant_self_heal" time="0.098" /><testcase classname="backend.tests.test_phase1to6_regression" name="test_phase3_presign_unauth" time="0.093" /><testcase classname="backend.tests.test_phase1to6_regression" name="test_phase3_presign_not_configured" time="0.221" /><testcase classname="backend.tests.test_phase1to6_regression" name="test_phase3_legal_full_cycle" time="0.762" /><testcase classname="backend.tests.test_phase1to6_regression" name="test_phase3_legal_public_404" time="0.100" /><testcase classname="backend.tests.test_phase1to6_regression" name="test_phase4_reviewer_bypass" time="0.276" /><testcase classname="backend.tests.test_phase1to6_regression" name="test_phase4_soft_delete_outstanding_guard" time="2.035" /><testcase classname="backend.tests.test_phase1to6_regression" name="test_phase4_logout_all" time="1.739" /><testcase classname="backend.tests.test_phase1to6_regression" name="test_phase5_push_register_dedupe_and_unregister" time="0.548" /><testcase classname="backend.tests.test_phase1to6_regression" name="test_phase5_push_status_and_test" time="0.281"><failure message="AssertionError: {&quot;detail&quot;:[{&quot;type&quot;:&quot;missing&quot;,&quot;loc&quot;:[&quot;body&quot;],&quot;msg&quot;:&quot;Field required&quot;,&quot;input&quot;:null,&quot;url&quot;:&quot;https://errors.pydantic.dev/2.13/v/missing&quot;}]}&#10;assert 422 == 200&#10; +  where 422 = &lt;Response [422]&gt;.status_code">backend/tests/test_phase1to6_regression.py:253: in test_phase5_push_status_and_test
    assert t.status_code == 200, t.text
E   AssertionError: {"detail":[{"type":"missing","loc":["body"],"msg":"Field required","input":null,"url":"https://errors.pydantic.dev/2.13/v/missing"}]}
E   assert 422 == 200
E    +  where 422 = &lt;Response [422]&gt;.status_code</failure></testcase><testcase classname="backend.tests.test_phase1to6_regression" name="test_phase5_super_shards_and_tenant_forbidden" time="0.378" /><testcase classname="backend.tests.test_phase1to6_regression" name="test_phase6_viewport_fit_cover_in_html" time="0.090" /><testcase classname="backend.tests.test_phase1to6_regression" name="test_regression_all_logins" time="0.379" /><testcase classname="backend.tests.test_phase1to6_regression" name="test_regression_phone_role_conflict" time="0.094" /></testsuite></testsuites>