<?xml version="1.0" encoding="utf-8"?><testsuites name="pytest tests"><testsuite name="pytest" errors="0" failures="1" skipped="0" tests="24" time="5.506" timestamp="2026-06-20T11:13:28.480738+00:00" hostname="agent-env-b220a451-5fb5-4e25-a22c-23da443ed691"><testcase classname="tests.test_fieldcrm" name="test_health" time="0.200" /><testcase classname="tests.test_fieldcrm" name="test_demo_credentials" time="0.098" /><testcase classname="tests.test_fieldcrm" name="test_public_tenant_lookup" time="0.092" /><testcase classname="tests.test_fieldcrm" name="test_request_otp_super_admin" time="0.089" /><testcase classname="tests.test_fieldcrm" name="test_verify_otp_super_admin" time="0.147" /><testcase classname="tests.test_fieldcrm" name="test_verify_otp_invalid" time="0.121" /><testcase classname="tests.test_fieldcrm" name="test_super_tenants_list" time="0.099" /><testcase classname="tests.test_fieldcrm" name="test_super_plans" time="0.133" /><testcase classname="tests.test_fieldcrm" name="test_super_analytics" time="0.093" /><testcase classname="tests.test_fieldcrm" name="test_super_create_tenant" time="0.347" /><testcase classname="tests.test_fieldcrm" name="test_tenant_admin_login" time="0.123" /><testcase classname="tests.test_fieldcrm" name="test_tenant_profile" time="0.095" /><testcase classname="tests.test_fieldcrm" name="test_tenant_users_list" time="0.096" /><testcase classname="tests.test_fieldcrm" name="test_tenant_update_label_persists" time="0.293" /><testcase classname="tests.test_fieldcrm" name="test_user_crud" time="0.292" /><testcase classname="tests.test_fieldcrm" name="test_product_crud" time="0.402" /><testcase classname="tests.test_fieldcrm" name="test_employee_checkin_flow" time="0.393" /><testcase classname="tests.test_fieldcrm" name="test_employee_visits_sales_collections_dcr_enquiries" time="0.998"><failure message="AssertionError: enquiries&#10;assert 0 &gt;= 1&#10; +  where 0 = len([])&#10; +    where [] = json()&#10; +      where json = &lt;Response [200]&gt;.json">tests/test_fieldcrm.py:259: in test_employee_visits_sales_collections_dcr_enquiries
    assert len(rl.json()) &gt;= 1, ep
E   AssertionError: enquiries
E   assert 0 &gt;= 1
E    +  where 0 = len([])
E    +    where [] = json()
E    +      where json = &lt;Response [200]&gt;.json</failure></testcase><testcase classname="tests.test_fieldcrm" name="test_role_isolation_employee_sees_only_own_visits" time="0.097" /><testcase classname="tests.test_fieldcrm" name="test_customer_order_flow" time="0.478" /><testcase classname="tests.test_fieldcrm" name="test_customer_cannot_approve_order" time="0.280" /><testcase classname="tests.test_fieldcrm" name="test_tenant_analytics" time="0.119" /><testcase classname="tests.test_fieldcrm" name="test_export_products_csv" time="0.093" /><testcase classname="tests.test_fieldcrm" name="test_notifications" time="0.210" /></testsuite></testsuites>