<?xml version="1.0" encoding="utf-8"?><testsuites name="pytest tests"><testsuite name="pytest" errors="0" failures="0" skipped="0" tests="7" time="1.071" timestamp="2026-07-08T09:34:16.457034+00:00" hostname="agent-env-b220a451-5fb5-4e25-a22c-23da443ed691"><testcase classname="backend.tests.test_super_admin_auth" name="test_super_admin_request_otp" time="0.213" /><testcase classname="backend.tests.test_super_admin_auth" name="test_super_admin_verify_otp" time="0.139" /><testcase classname="backend.tests.test_super_admin_auth" name="test_super_admin_via_tenant_slug" time="0.131" /><testcase classname="backend.tests.test_super_admin_auth" name="test_super_admin_stale_headers_ignored" time="0.122" /><testcase classname="backend.tests.test_super_admin_auth" name="test_reviewer_request_and_verify" time="0.230" /><testcase classname="backend.tests.test_super_admin_auth" name="test_wrong_otp_returns_structured_error" time="0.099" /><testcase classname="backend.tests.test_super_admin_auth" name="test_cors_preflight_request_otp" time="0.064" /></testsuite></testsuites>